{"level":"info","message":"Root endpoint accessed","service":"acquisitions-api"}
{"level":"info","message":"::1 - - [05/Oct/2025:09:55:26 +0000] \"GET / HTTP/1.1\" 304 - \"-\" \"Mozilla/5.0 (X11; Linux x86_64) AppleWebKit/537.36 (KHTML, like Gecko) Chrome/138.0.0.0 Safari/537.36\"","service":"acquisitions-api"}
{"level":"info","message":"Root endpoint accessed","service":"acquisitions-api"}
{"level":"info","message":"::1 - - [05/Oct/2025:10:06:02 +0000] \"GET / HTTP/1.1\" 304 - \"-\" \"Mozilla/5.0 (X11; Linux x86_64) AppleWebKit/537.36 (KHTML, like Gecko) Chrome/138.0.0.0 Safari/537.36\"","service":"acquisitions-api"}
{"level":"info","message":"::1 - - [05/Oct/2025:10:06:08 +0000] \"GET /health HTTP/1.1\" 404 145 \"-\" \"Mozilla/5.0 (X11; Linux x86_64) AppleWebKit/537.36 (KHTML, like Gecko) Chrome/138.0.0.0 Safari/537.36\"","service":"acquisitions-api"}
{"level":"info","message":"::1 - - [05/Oct/2025:10:23:47 +0000] \"POST / HTTP/1.1\" 404 140 \"-\" \"PostmanRuntime/7.48.0\"","service":"acquisitions-api"}
{"level":"info","message":"Root endpoint accessed","service":"acquisitions-api"}
{"level":"info","message":"::1 - - [05/Oct/2025:10:23:54 +0000] \"GET / HTTP/1.1\" 200 34 \"-\" \"PostmanRuntime/7.48.0\"","service":"acquisitions-api"}
{"level":"info","message":"::1 - - [05/Oct/2025:10:24:01 +0000] \"GET /health HTTP/1.1\" 404 145 \"-\" \"PostmanRuntime/7.48.0\"","service":"acquisitions-api"}
{"level":"info","message":"::1 - - [05/Oct/2025:10:24:56 +0000] \"GET /api HTTP/1.1\" 404 142 \"-\" \"PostmanRuntime/7.48.0\"","service":"acquisitions-api"}
{"level":"info","message":"::1 - - [05/Oct/2025:10:30:47 +0000] \"GET /api HTTP/1.1\" 200 28 \"-\" \"PostmanRuntime/7.48.0\"","service":"acquisitions-api"}
{"level":"info","message":"::1 - - [05/Oct/2025:10:30:54 +0000] \"GET /health HTTP/1.1\" 200 76 \"-\" \"PostmanRuntime/7.48.0\"","service":"acquisitions-api"}
{"level":"info","message":"Root endpoint accessed","service":"acquisitions-api"}
{"level":"info","message":"::1 - - [06/Oct/2025:03:38:16 +0000] \"GET / HTTP/1.1\" 200 34 \"-\" \"Mozilla/5.0 (X11; Linux x86_64) AppleWebKit/537.36 (KHTML, like Gecko) Chrome/138.0.0.0 Safari/537.36\"","service":"acquisitions-api"}
{"level":"info","message":"::1 - - [06/Oct/2025:03:38:16 +0000] \"GET /favicon.ico HTTP/1.1\" 404 150 \"-\" \"Mozilla/5.0 (X11; Linux x86_64) AppleWebKit/537.36 (KHTML, like Gecko) Chrome/138.0.0.0 Safari/537.36\"","service":"acquisitions-api"}
{"level":"info","message":"::1 - - [06/Oct/2025:05:24:08 +0000] \"GET /health HTTP/1.1\" 200 78 \"-\" \"PostmanRuntime/7.48.0\"","service":"acquisitions-api"}
{"level":"info","message":"::1 - - [06/Oct/2025:05:24:15 +0000] \"POST /api/auth/signup HTTP/1.1\" 200 13 \"-\" \"PostmanRuntime/7.48.0\"","service":"acquisitions-api"}
{"level":"error","message":"Signup error: formatValidationError is not defined","service":"acquisitions-api","stack":"ReferenceError: formatValidationError is not defined\n    at signup (file:///home/sgc/Rafiqul/devopps/acquisitions/src/controllers/auth.controller.js:10:26)\n    at Layer.handleRequest (/home/sgc/Rafiqul/devopps/acquisitions/node_modules/router/lib/layer.js:152:17)\n    at next (/home/sgc/Rafiqul/devopps/acquisitions/node_modules/router/lib/route.js:157:13)\n    at Route.dispatch (/home/sgc/Rafiqul/devopps/acquisitions/node_modules/router/lib/route.js:117:3)\n    at handle (/home/sgc/Rafiqul/devopps/acquisitions/node_modules/router/index.js:435:11)\n    at Layer.handleRequest (/home/sgc/Rafiqul/devopps/acquisitions/node_modules/router/lib/layer.js:152:17)\n    at /home/sgc/Rafiqul/devopps/acquisitions/node_modules/router/index.js:295:15\n    at processParams (/home/sgc/Rafiqul/devopps/acquisitions/node_modules/router/index.js:582:12)\n    at next (/home/sgc/Rafiqul/devopps/acquisitions/node_modules/router/index.js:291:5)\n    at Function.handle (/home/sgc/Rafiqul/devopps/acquisitions/node_modules/router/index.js:186:3)"}
{"level":"info","message":"::1 - - [06/Oct/2025:05:30:38 +0000] \"POST /api/auth/signup HTTP/1.1\" 400 1281 \"-\" \"PostmanRuntime/7.48.0\"","service":"acquisitions-api"}
{"level":"info","message":"::1 - - [06/Oct/2025:05:32:01 +0000] \"POST /api/auth/signup HTTP/1.1\" 400 92 \"-\" \"PostmanRuntime/7.48.0\"","service":"acquisitions-api"}
{"level":"info","message":"::1 - - [06/Oct/2025:05:32:48 +0000] \"POST /api/auth/signup HTTP/1.1\" 400 91 \"-\" \"PostmanRuntime/7.48.0\"","service":"acquisitions-api"}
{"level":"info","message":"::1 - - [06/Oct/2025:05:33:01 +0000] \"POST /api/auth/signup HTTP/1.1\" 400 114 \"-\" \"PostmanRuntime/7.48.0\"","service":"acquisitions-api"}
{"level":"info","message":"User signed up successfully: rafiqul@gmail.com","service":"acquisitions-api"}
{"level":"info","message":"::1 - - [06/Oct/2025:05:33:09 +0000] \"POST /api/auth/signup HTTP/1.1\" 201 116 \"-\" \"PostmanRuntime/7.48.0\"","service":"acquisitions-api"}
{"level":"error","message":"Error creating user: eq is not defined","service":"acquisitions-api","stack":"ReferenceError: eq is not defined\n    at AuthService.createUser (file:///home/sgc/Rafiqul/devopps/acquisitions/src/services/auth.service.js:18:59)\n    at signup (file:///home/sgc/Rafiqul/devopps/acquisitions/src/controllers/auth.controller.js:20:40)\n    at Layer.handleRequest (/home/sgc/Rafiqul/devopps/acquisitions/node_modules/router/lib/layer.js:152:17)\n    at next (/home/sgc/Rafiqul/devopps/acquisitions/node_modules/router/lib/route.js:157:13)\n    at Route.dispatch (/home/sgc/Rafiqul/devopps/acquisitions/node_modules/router/lib/route.js:117:3)\n    at handle (/home/sgc/Rafiqul/devopps/acquisitions/node_modules/router/index.js:435:11)\n    at Layer.handleRequest (/home/sgc/Rafiqul/devopps/acquisitions/node_modules/router/lib/layer.js:152:17)\n    at /home/sgc/Rafiqul/devopps/acquisitions/node_modules/router/index.js:295:15\n    at processParams (/home/sgc/Rafiqul/devopps/acquisitions/node_modules/router/index.js:582:12)\n    at next (/home/sgc/Rafiqul/devopps/acquisitions/node_modules/router/index.js:291:5)"}
{"level":"error","message":"Signup error: eq is not defined","service":"acquisitions-api","stack":"ReferenceError: eq is not defined\n    at AuthService.createUser (file:///home/sgc/Rafiqul/devopps/acquisitions/src/services/auth.service.js:18:59)\n    at signup (file:///home/sgc/Rafiqul/devopps/acquisitions/src/controllers/auth.controller.js:20:40)\n    at Layer.handleRequest (/home/sgc/Rafiqul/devopps/acquisitions/node_modules/router/lib/layer.js:152:17)\n    at next (/home/sgc/Rafiqul/devopps/acquisitions/node_modules/router/lib/route.js:157:13)\n    at Route.dispatch (/home/sgc/Rafiqul/devopps/acquisitions/node_modules/router/lib/route.js:117:3)\n    at handle (/home/sgc/Rafiqul/devopps/acquisitions/node_modules/router/index.js:435:11)\n    at Layer.handleRequest (/home/sgc/Rafiqul/devopps/acquisitions/node_modules/router/lib/layer.js:152:17)\n    at /home/sgc/Rafiqul/devopps/acquisitions/node_modules/router/index.js:295:15\n    at processParams (/home/sgc/Rafiqul/devopps/acquisitions/node_modules/router/index.js:582:12)\n    at next (/home/sgc/Rafiqul/devopps/acquisitions/node_modules/router/index.js:291:5)"}
{"level":"info","message":"::1 - - [06/Oct/2025:06:05:59 +0000] \"POST /api/auth/signup HTTP/1.1\" 500 1276 \"-\" \"PostmanRuntime/7.48.0\"","service":"acquisitions-api"}
{"level":"error","message":"Error hashing password: bcrypt is not defined","service":"acquisitions-api","stack":"ReferenceError: bcrypt is not defined\n    at hashedPassword (file:///home/sgc/Rafiqul/devopps/acquisitions/src/services/auth.service.js:9:9)\n    at AuthService.createUser (file:///home/sgc/Rafiqul/devopps/acquisitions/src/services/auth.service.js:23:30)\n    at process.processTicksAndRejections (node:internal/process/task_queues:105:5)\n    at async signup (file:///home/sgc/Rafiqul/devopps/acquisitions/src/controllers/auth.controller.js:20:22)"}
{"level":"error","message":"Error creating user: Password hashing failed","service":"acquisitions-api","stack":"Error: Password hashing failed\n    at hashedPassword (file:///home/sgc/Rafiqul/devopps/acquisitions/src/services/auth.service.js:12:15)\n    at AuthService.createUser (file:///home/sgc/Rafiqul/devopps/acquisitions/src/services/auth.service.js:23:30)\n    at process.processTicksAndRejections (node:internal/process/task_queues:105:5)\n    at async signup (file:///home/sgc/Rafiqul/devopps/acquisitions/src/controllers/auth.controller.js:20:22)"}
{"level":"error","message":"Signup error: Password hashing failed","service":"acquisitions-api","stack":"Error: Password hashing failed\n    at hashedPassword (file:///home/sgc/Rafiqul/devopps/acquisitions/src/services/auth.service.js:12:15)\n    at AuthService.createUser (file:///home/sgc/Rafiqul/devopps/acquisitions/src/services/auth.service.js:23:30)\n    at process.processTicksAndRejections (node:internal/process/task_queues:105:5)\n    at async signup (file:///home/sgc/Rafiqul/devopps/acquisitions/src/controllers/auth.controller.js:20:22)"}
{"level":"info","message":"::1 - - [06/Oct/2025:06:09:50 +0000] \"POST /api/auth/signup HTTP/1.1\" 500 619 \"-\" \"PostmanRuntime/7.48.0\"","service":"acquisitions-api"}
{"level":"info","message":"User created with email: rafiqul@gmail.com","service":"acquisitions-api"}
{"level":"error","message":"Signup error: cookies.setToken is not a function","service":"acquisitions-api","stack":"TypeError: cookies.setToken is not a function\n    at signup (file:///home/sgc/Rafiqul/devopps/acquisitions/src/controllers/auth.controller.js:23:17)\n    at process.processTicksAndRejections (node:internal/process/task_queues:105:5)"}
{"level":"info","message":"::1 - - [06/Oct/2025:06:10:18 +0000] \"POST /api/auth/signup HTTP/1.1\" 500 384 \"-\" \"PostmanRuntime/7.48.0\"","service":"acquisitions-api"}
{"level":"error","message":"Error creating user: User with this email already exists","service":"acquisitions-api","stack":"Error: User with this email already exists\n    at AuthService.createUser (file:///home/sgc/Rafiqul/devopps/acquisitions/src/services/auth.service.js:22:19)\n    at process.processTicksAndRejections (node:internal/process/task_queues:105:5)\n    at async signup (file:///home/sgc/Rafiqul/devopps/acquisitions/src/controllers/auth.controller.js:20:22)"}
{"level":"error","message":"Signup error: User with this email already exists","service":"acquisitions-api","stack":"Error: User with this email already exists\n    at AuthService.createUser (file:///home/sgc/Rafiqul/devopps/acquisitions/src/services/auth.service.js:22:19)\n    at process.processTicksAndRejections (node:internal/process/task_queues:105:5)\n    at async signup (file:///home/sgc/Rafiqul/devopps/acquisitions/src/controllers/auth.controller.js:20:22)"}
{"level":"info","message":"::1 - - [06/Oct/2025:06:10:52 +0000] \"POST /api/auth/signup HTTP/1.1\" 409 49 \"-\" \"PostmanRuntime/7.48.0\"","service":"acquisitions-api"}
{"level":"info","message":"User created with email: rafiqul@gmail.com","service":"acquisitions-api"}
{"level":"info","message":"User signed up successfully: rafiqul@gmail.com","service":"acquisitions-api"}
{"level":"info","message":"::1 - - [06/Oct/2025:06:11:28 +0000] \"POST /api/auth/signup HTTP/1.1\" 201 116 \"-\" \"PostmanRuntime/7.48.0\"","service":"acquisitions-api"}
{"level":"error","message":"Error creating user: User with this email already exists","service":"acquisitions-api","stack":"Error: User with this email already exists\n    at AuthService.createUser (file:///home/sgc/Rafiqul/devopps/acquisitions/src/services/auth.service.js:22:19)\n    at process.processTicksAndRejections (node:internal/process/task_queues:105:5)\n    at async signup (file:///home/sgc/Rafiqul/devopps/acquisitions/src/controllers/auth.controller.js:20:22)"}
{"level":"error","message":"Signup error: User with this email already exists","service":"acquisitions-api","stack":"Error: User with this email already exists\n    at AuthService.createUser (file:///home/sgc/Rafiqul/devopps/acquisitions/src/services/auth.service.js:22:19)\n    at process.processTicksAndRejections (node:internal/process/task_queues:105:5)\n    at async signup (file:///home/sgc/Rafiqul/devopps/acquisitions/src/controllers/auth.controller.js:20:22)"}
{"level":"info","message":"::1 - - [06/Oct/2025:06:12:05 +0000] \"POST /api/auth/signup HTTP/1.1\" 409 49 \"-\" \"PostmanRuntime/7.48.0\"","service":"acquisitions-api"}
{"level":"info","message":"User created with email: rafiq@sgcsoft.net","service":"acquisitions-api"}
{"level":"info","message":"User signed up successfully: rafiq@sgcsoft.net","service":"acquisitions-api"}
{"level":"info","message":"::1 - - [06/Oct/2025:06:12:32 +0000] \"POST /api/auth/signup HTTP/1.1\" 201 117 \"-\" \"PostmanRuntime/7.48.0\"","service":"acquisitions-api"}
{"level":"info","message":"::1 - - [06/Oct/2025:06:37:39 +0000] \"POST /api/auth/signin HTTP/1.1\" 400 91 \"-\" \"PostmanRuntime/7.48.0\"","service":"acquisitions-api"}
{"level":"error","message":"Signin error: Invalid email or password","service":"acquisitions-api","stack":"Error: Invalid email or password\n    at AuthService.signin (file:///home/sgc/Rafiqul/devopps/acquisitions/src/services/auth.service.js:49:23)\n    at async signin (file:///home/sgc/Rafiqul/devopps/acquisitions/src/controllers/auth.controller.js:19:24)"}
{"level":"error","message":"Signin error: Invalid email or password","service":"acquisitions-api","stack":"Error: Invalid email or password\n    at AuthService.signin (file:///home/sgc/Rafiqul/devopps/acquisitions/src/services/auth.service.js:49:23)\n    at async signin (file:///home/sgc/Rafiqul/devopps/acquisitions/src/controllers/auth.controller.js:19:24)"}
{"level":"info","message":"::1 - - [06/Oct/2025:06:37:46 +0000] \"POST /api/auth/signin HTTP/1.1\" 401 39 \"-\" \"PostmanRuntime/7.48.0\"","service":"acquisitions-api"}
{"level":"info","message":"User signed in: rafiq@sgcsoft.net","service":"acquisitions-api"}
{"level":"info","message":"User signed in successfully: rafiq@sgcsoft.net","service":"acquisitions-api"}
{"level":"info","message":"::1 - - [06/Oct/2025:06:37:51 +0000] \"POST /api/auth/signin HTTP/1.1\" 200 323 \"-\" \"PostmanRuntime/7.48.0\"","service":"acquisitions-api"}
{"level":"info","message":"User logged out successfully","service":"acquisitions-api"}
{"level":"info","message":"::1 - - [06/Oct/2025:06:38:39 +0000] \"POST /api/auth/logout HTTP/1.1\" 200 42 \"-\" \"PostmanRuntime/7.48.0\"","service":"acquisitions-api"}
{"ip":"::1","level":"warn","message":"Bot request blocked","path":"/health","service":"acquisitions-api","userAgent":"PostmanRuntime/7.48.0"}
{"level":"info","message":"::1 - - [06/Oct/2025:07:51:54 +0000] \"GET /health HTTP/1.1\" 403 68 \"-\" \"PostmanRuntime/7.48.0\"","service":"acquisitions-api"}
{"ip":"::1","level":"warn","message":"Bot request blocked","path":"/health","service":"acquisitions-api","userAgent":"PostmanRuntime/7.48.0"}
{"level":"info","message":"::1 - - [06/Oct/2025:07:52:01 +0000] \"GET /health HTTP/1.1\" 403 68 \"-\" \"PostmanRuntime/7.48.0\"","service":"acquisitions-api"}
{"ip":"::1","level":"warn","message":"Bot request blocked","path":"/health","service":"acquisitions-api","userAgent":"PostmanRuntime/7.48.0"}
{"level":"info","message":"::1 - - [06/Oct/2025:07:52:02 +0000] \"GET /health HTTP/1.1\" 403 68 \"-\" \"PostmanRuntime/7.48.0\"","service":"acquisitions-api"}
{"ip":"::1","level":"warn","message":"Bot request blocked","path":"/health","service":"acquisitions-api","userAgent":"PostmanRuntime/7.48.0"}
{"level":"info","message":"::1 - - [06/Oct/2025:07:52:02 +0000] \"GET /health HTTP/1.1\" 403 68 \"-\" \"PostmanRuntime/7.48.0\"","service":"acquisitions-api"}
{"ip":"::1","level":"warn","message":"Bot request blocked","path":"/health","service":"acquisitions-api","userAgent":"PostmanRuntime/7.48.0"}
{"level":"info","message":"::1 - - [06/Oct/2025:07:53:16 +0000] \"GET /health HTTP/1.1\" 403 68 \"-\" \"PostmanRuntime/7.48.0\"","service":"acquisitions-api"}
{"ip":"::1","level":"warn","message":"Bot request blocked","path":"/health","service":"acquisitions-api","userAgent":"PostmanRuntime/7.48.0"}
{"level":"info","message":"::1 - - [06/Oct/2025:07:53:17 +0000] \"GET /health HTTP/1.1\" 403 68 \"-\" \"PostmanRuntime/7.48.0\"","service":"acquisitions-api"}
{"ip":"::1","level":"warn","message":"Bot request blocked","path":"/health","service":"acquisitions-api","userAgent":"PostmanRuntime/7.48.0"}
{"level":"info","message":"::1 - - [06/Oct/2025:07:54:44 +0000] \"GET /health HTTP/1.1\" 403 68 \"-\" \"PostmanRuntime/7.48.0\"","service":"acquisitions-api"}
{"ip":"::1","level":"warn","message":"Bot request blocked","path":"/health","service":"acquisitions-api","userAgent":"PostmanRuntime/7.48.0"}
{"level":"info","message":"::1 - - [06/Oct/2025:07:57:05 +0000] \"GET /health HTTP/1.1\" 403 68 \"-\" \"PostmanRuntime/7.48.0\"","service":"acquisitions-api"}
{"ip":"::1","level":"warn","message":"Bot request blocked","path":"/health","service":"acquisitions-api","userAgent":"PostmanRuntime/7.48.0"}
{"level":"info","message":"::1 - - [06/Oct/2025:07:57:05 +0000] \"GET /health HTTP/1.1\" 403 68 \"-\" \"PostmanRuntime/7.48.0\"","service":"acquisitions-api"}
{"ip":"::1","level":"warn","message":"Bot request blocked","path":"/health","service":"acquisitions-api","userAgent":"PostmanRuntime/7.48.0"}
{"level":"info","message":"::1 - - [06/Oct/2025:07:57:07 +0000] \"GET /health HTTP/1.1\" 403 68 \"-\" \"PostmanRuntime/7.48.0\"","service":"acquisitions-api"}
{"ip":"::1","level":"warn","message":"Bot request blocked","path":"/health","service":"acquisitions-api","userAgent":"PostmanRuntime/7.48.0"}
{"level":"info","message":"::1 - - [06/Oct/2025:07:57:08 +0000] \"GET /health HTTP/1.1\" 403 68 \"-\" \"PostmanRuntime/7.48.0\"","service":"acquisitions-api"}
{"ip":"::1","level":"warn","message":"Bot request blocked","path":"/health","service":"acquisitions-api","userAgent":"PostmanRuntime/7.48.0"}
{"level":"info","message":"::1 - - [06/Oct/2025:07:57:10 +0000] \"GET /health HTTP/1.1\" 403 68 \"-\" \"PostmanRuntime/7.48.0\"","service":"acquisitions-api"}
{"ip":"::1","level":"warn","message":"Bot request blocked","path":"/health","service":"acquisitions-api","userAgent":"PostmanRuntime/7.48.0"}
{"level":"info","message":"::1 - - [06/Oct/2025:07:57:11 +0000] \"GET /health HTTP/1.1\" 403 68 \"-\" \"PostmanRuntime/7.48.0\"","service":"acquisitions-api"}
{"ip":"::1","level":"warn","message":"Bot request blocked","path":"/health","service":"acquisitions-api","userAgent":"PostmanRuntime/7.48.0"}
{"level":"info","message":"::1 - - [06/Oct/2025:07:57:12 +0000] \"GET /health HTTP/1.1\" 403 68 \"-\" \"PostmanRuntime/7.48.0\"","service":"acquisitions-api"}
{"ip":"::1","level":"warn","message":"Bot request blocked","path":"/health","service":"acquisitions-api","userAgent":"PostmanRuntime/7.48.0"}
{"level":"info","message":"::1 - - [06/Oct/2025:07:57:12 +0000] \"GET /health HTTP/1.1\" 403 68 \"-\" \"PostmanRuntime/7.48.0\"","service":"acquisitions-api"}
{"ip":"::1","level":"warn","message":"Bot request blocked","path":"/health","service":"acquisitions-api","userAgent":"PostmanRuntime/7.48.0"}
{"level":"info","message":"::1 - - [06/Oct/2025:07:57:13 +0000] \"GET /health HTTP/1.1\" 403 68 \"-\" \"PostmanRuntime/7.48.0\"","service":"acquisitions-api"}
{"ip":"::1","level":"warn","message":"Bot request blocked","path":"/health","service":"acquisitions-api","userAgent":"PostmanRuntime/7.48.0"}
{"level":"info","message":"::1 - - [06/Oct/2025:07:57:14 +0000] \"GET /health HTTP/1.1\" 403 68 \"-\" \"PostmanRuntime/7.48.0\"","service":"acquisitions-api"}
{"ip":"::1","level":"warn","message":"Bot request blocked","path":"/health","service":"acquisitions-api","userAgent":"PostmanRuntime/7.48.0"}
{"level":"info","message":"::1 - - [06/Oct/2025:07:57:14 +0000] \"GET /health HTTP/1.1\" 403 68 \"-\" \"PostmanRuntime/7.48.0\"","service":"acquisitions-api"}
{"ip":"::1","level":"warn","message":"Bot request blocked","path":"/health","service":"acquisitions-api","userAgent":"PostmanRuntime/7.48.0"}
{"level":"info","message":"::1 - - [06/Oct/2025:07:57:15 +0000] \"GET /health HTTP/1.1\" 403 68 \"-\" \"PostmanRuntime/7.48.0\"","service":"acquisitions-api"}
{"ip":"::1","level":"warn","message":"Bot request blocked","path":"/","service":"acquisitions-api","userAgent":"PostmanRuntime/7.48.0"}
{"level":"info","message":"::1 - - [06/Oct/2025:07:57:48 +0000] \"GET / HTTP/1.1\" 403 68 \"-\" \"PostmanRuntime/7.48.0\"","service":"acquisitions-api"}
{"ip":"::1","level":"warn","message":"Bot request blocked","path":"/health","service":"acquisitions-api","userAgent":"PostmanRuntime/7.48.0"}
{"level":"info","message":"::1 - - [06/Oct/2025:08:01:41 +0000] \"GET /health HTTP/1.1\" 403 68 \"-\" \"PostmanRuntime/7.48.0\"","service":"acquisitions-api"}
{"ip":"::1","level":"warn","message":"Bot request blocked","path":"/health","service":"acquisitions-api","userAgent":"PostmanRuntime/7.48.0"}
{"level":"info","message":"::1 - - [06/Oct/2025:08:04:08 +0000] \"GET /health HTTP/1.1\" 403 68 \"-\" \"PostmanRuntime/7.48.0\"","service":"acquisitions-api"}
{"ip":"::1","level":"warn","message":"Bot request blocked","path":"/health","service":"acquisitions-api","userAgent":"PostmanRuntime/7.48.0"}
{"level":"info","message":"::1 - - [06/Oct/2025:08:04:48 +0000] \"GET /health HTTP/1.1\" 403 68 \"-\" \"PostmanRuntime/7.48.0\"","service":"acquisitions-api"}
{"level":"info","message":"::1 - - [06/Oct/2025:08:05:52 +0000] \"GET /health HTTP/1.1\" 200 75 \"-\" \"PostmanRuntime/7.48.0\"","service":"acquisitions-api"}
{"level":"info","message":"::1 - - [06/Oct/2025:08:05:54 +0000] \"GET /health HTTP/1.1\" 200 75 \"-\" \"PostmanRuntime/7.48.0\"","service":"acquisitions-api"}
{"level":"info","message":"::1 - - [06/Oct/2025:08:05:55 +0000] \"GET /health HTTP/1.1\" 200 75 \"-\" \"PostmanRuntime/7.48.0\"","service":"acquisitions-api"}
{"level":"info","message":"::1 - - [06/Oct/2025:08:05:55 +0000] \"GET /health HTTP/1.1\" 200 75 \"-\" \"PostmanRuntime/7.48.0\"","service":"acquisitions-api"}
{"level":"info","message":"::1 - - [06/Oct/2025:08:05:56 +0000] \"GET /health HTTP/1.1\" 200 75 \"-\" \"PostmanRuntime/7.48.0\"","service":"acquisitions-api"}
{"ip":"::1","level":"warn","message":"Rate limit exceeded","path":"/health","service":"acquisitions-api","userAgent":"PostmanRuntime/7.48.0"}
{"level":"info","message":"::1 - - [06/Oct/2025:08:05:56 +0000] \"GET /health HTTP/1.1\" 403 51 \"-\" \"PostmanRuntime/7.48.0\"","service":"acquisitions-api"}
{"ip":"::1","level":"warn","message":"Rate limit exceeded","path":"/health","service":"acquisitions-api","userAgent":"PostmanRuntime/7.48.0"}
{"level":"info","message":"::1 - - [06/Oct/2025:08:05:57 +0000] \"GET /health HTTP/1.1\" 403 51 \"-\" \"PostmanRuntime/7.48.0\"","service":"acquisitions-api"}
